------------------------------------------------------------------------------------
-------------------------------Test: gemm2
------------------------------------------------------------------------------------

----------------------------
--- Initial Data in Memory
----------------------------

memory[256] = 0x00000001
memory[257] = 0x00000002
memory[258] = 0x00000003
memory[259] = 0x00000004
memory[260] = 0x00000001
memory[261] = 0x00000001
memory[262] = 0x00000001
memory[263] = 0x00000001
memory[264] = 0x00000005
memory[265] = 0x00000006
memory[266] = 0x00000007
memory[267] = 0x00000008
memory[268] = 0x00000001
memory[269] = 0x00000001
memory[270] = 0x00000001
memory[271] = 0x00000001
memory[272] = 0x00000000
memory[273] = 0x00000000
memory[274] = 0x00000000
memory[275] = 0x00000000
memory[276] = 0x00000000
memory[277] = 0x00000000
memory[278] = 0x00000000
memory[279] = 0x00000000

----------------------------
--- Updated Memory Dump ---
----------------------------

Memory[256] = 0x00000001
Memory[257] = 0x00000002
Memory[258] = 0x00000003
Memory[259] = 0x00000004
Memory[260] = 0x00000001
Memory[261] = 0x00000001
Memory[262] = 0x00000001
Memory[263] = 0x00000001
Memory[264] = 0x00000005
Memory[265] = 0x00000006
Memory[266] = 0x00000007
Memory[267] = 0x00000008
Memory[268] = 0x00000001
Memory[269] = 0x00000001
Memory[270] = 0x00000001
Memory[271] = 0x00000001
Memory[272] = 0x00000003
Memory[273] = 0x00000003
Memory[274] = 0x00000007
Memory[275] = 0x00000007
Memory[276] = 0x0000000B
Memory[277] = 0x0000000B
Memory[278] = 0x0000000F
Memory[279] = 0x0000000F

----------------------------
--- Register Dump ---
----------------------------
Index  Name  Value
-----  ----  ----------------
x0  zero  0x00000000
x1  ra    0x00000100
x2  sp    0x00000110
x3  gp    0x00000000
x4  tp    0x00000000
x5  t0    0x00000005
x6  t1    0x00000006
x7  t2    0x00000007
x8  s0    0x00000008
x9  s1    0x00000001
x10 a0    0x00000001
x11 a1    0x00000001
x12 a2    0x00000001
x13 a3    0x0000000B
x14 a4    0x0000000B
x15 a5    0x0000000F
x16 a6    0x0000000F
x17 a7    0x00000000
x18 s2    0x00000000
x19 s3    0x00000000
x20 s4    0x00000000
x21 s5    0x00000000
x22 s6    0x00000000
x23 s7    0x00000000
x24 s8    0x00000000
x25 s9    0x00000000
x26 s10   0x00000000
x27 s11   0x00000000
x28 t3    0x00000000
x29 t4    0x00000000
x30 t5    0x00000000
x31 t6    0x00000000


