------------------------------------------------------------------------------------
-------------------------------Test: colliding_cache
------------------------------------------------------------------------------------

----------------------------
--- Initial Data in Memory
----------------------------

memory[256] = 0x0000000A
memory[257] = 0x0000000B
memory[258] = 0x0000000C
memory[259] = 0x0000000D
memory[260] = 0x00000000
memory[261] = 0x00000000
memory[262] = 0x00000000
memory[263] = 0x00000000
memory[264] = 0x00000000
memory[265] = 0x00000000
memory[266] = 0x00000000
memory[267] = 0x00000000
memory[268] = 0x00000000
memory[269] = 0x00000000
memory[270] = 0x00000000
memory[271] = 0x00000000
memory[272] = 0x00000000
memory[273] = 0x00000000
memory[274] = 0x00000000
memory[275] = 0x00000000
memory[276] = 0x00000000
memory[277] = 0x00000000
memory[278] = 0x00000000
memory[279] = 0x00000000
memory[280] = 0x00000000
memory[281] = 0x00000000
memory[282] = 0x00000000
memory[283] = 0x00000000
memory[284] = 0x00000000
memory[285] = 0x00000000
memory[286] = 0x00000000
memory[287] = 0x00000000
memory[288] = 0x00000000
memory[289] = 0x00000000
memory[290] = 0x00000000
memory[291] = 0x00000000
memory[292] = 0x00000000
memory[293] = 0x00000000
memory[294] = 0x00000000
memory[295] = 0x00000000
memory[296] = 0x00000000
memory[297] = 0x00000000
memory[298] = 0x00000000
memory[299] = 0x00000000
memory[300] = 0x00000000
memory[301] = 0x00000000
memory[302] = 0x00000000
memory[303] = 0x00000000
memory[304] = 0x00000000
memory[305] = 0x00000000
memory[306] = 0x00000000
memory[307] = 0x00000000
memory[308] = 0x00000000
memory[309] = 0x00000000
memory[310] = 0x00000000
memory[311] = 0x00000000
memory[312] = 0x00000000
memory[313] = 0x00000000
memory[314] = 0x00000000
memory[315] = 0x00000000
memory[316] = 0x00000000
memory[317] = 0x00000000
memory[318] = 0x00000000
memory[319] = 0x00000000
memory[320] = 0x00000000
memory[321] = 0x00000000
memory[322] = 0x00000000
memory[323] = 0x00000000

----------------------------
--- Updated Memory Dump ---
----------------------------

Memory[256] = 0x0000000A
Memory[257] = 0x0000000B
Memory[258] = 0x0000000C
Memory[259] = 0x0000000D
Memory[260] = 0x00000000
Memory[261] = 0x00000000
Memory[262] = 0x00000000
Memory[263] = 0x00000000
Memory[264] = 0x00000000
Memory[265] = 0x00000000
Memory[266] = 0x00000000
Memory[267] = 0x00000000
Memory[268] = 0x00000000
Memory[269] = 0x00000000
Memory[270] = 0x00000000
Memory[271] = 0x00000000
Memory[272] = 0x0000000A
Memory[273] = 0x0000000B
Memory[274] = 0x0000000C
Memory[275] = 0x0000000D
Memory[276] = 0x00000000
Memory[277] = 0x00000000
Memory[278] = 0x00000000
Memory[279] = 0x00000000
Memory[280] = 0x00000000
Memory[281] = 0x00000000
Memory[282] = 0x00000000
Memory[283] = 0x00000000
Memory[284] = 0x00000000
Memory[285] = 0x00000000
Memory[286] = 0x00000000
Memory[287] = 0x00000000
Memory[288] = 0x0000000D
Memory[289] = 0x0000000C
Memory[290] = 0x0000000B
Memory[291] = 0x0000000A
Memory[292] = 0x00000000
Memory[293] = 0x00000000
Memory[294] = 0x00000000
Memory[295] = 0x00000000
Memory[296] = 0x00000000
Memory[297] = 0x00000000
Memory[298] = 0x00000000
Memory[299] = 0x00000000
Memory[300] = 0x00000000
Memory[301] = 0x00000000
Memory[302] = 0x00000000
Memory[303] = 0x00000000
Memory[304] = 0x0000000C
Memory[305] = 0x0000000D
Memory[306] = 0x0000000A
Memory[307] = 0x0000000B
Memory[308] = 0x00000000
Memory[309] = 0x00000000
Memory[310] = 0x00000000
Memory[311] = 0x00000000
Memory[312] = 0x00000000
Memory[313] = 0x00000000
Memory[314] = 0x00000000
Memory[315] = 0x00000000
Memory[316] = 0x00000000
Memory[317] = 0x00000000
Memory[318] = 0x00000000
Memory[319] = 0x00000000
Memory[320] = 0x00000017
Memory[321] = 0x00000017
Memory[322] = 0x00000017
Memory[323] = 0x00000017

----------------------------
--- Register Dump ---
----------------------------
Index  Name  Value
-----  ----  ----------------
x0  zero  0x00000000
x1  ra    0x00000000
x2  sp    0x00000000
x3  gp    0x00000000
x4  tp    0x00000000
x5  t0    0x00000017
x6  t1    0x00000017
x7  t2    0x00000017
x8  s0    0x00000010
x9  s1    0x00000040
x10 a0    0x00000000
x11 a1    0x00000000
x12 a2    0x00000000
x13 a3    0x00000000
x14 a4    0x00000000
x15 a5    0x00000000
x16 a6    0x00000000
x17 a7    0x00000000
x18 s2    0x0000000B
x19 s3    0x0000000C
x20 s4    0x0000000D
x21 s5    0x0000000A
x22 s6    0x0000000A
x23 s7    0x0000000B
x24 s8    0x0000000C
x25 s9    0x0000000D
x26 s10   0x00000000
x27 s11   0x00000000
x28 t3    0x00000017
x29 t4    0x00000000
x30 t5    0x00000000
x31 t6    0x00000000


