------------------------------------------------------------------------------------
-------------------------------Test: array_adder
------------------------------------------------------------------------------------

----------------------------
--- Initial Data in Memory
----------------------------

memory[256] = 0x0000000A
memory[257] = 0x0000000A
memory[258] = 0x00000014
memory[259] = 0x0000001E
memory[260] = 0x00000028
memory[261] = 0x00000032
memory[262] = 0x0000003C
memory[263] = 0x00000046
memory[264] = 0x00000050
memory[265] = 0x0000005A
memory[266] = 0x0000005A
memory[267] = 0x00000064
memory[268] = 0x00000003
memory[269] = 0x00000003
memory[270] = 0x00000003
memory[271] = 0x00000003
memory[272] = 0x00000004
memory[273] = 0x0000000B
memory[274] = 0x0000000A
memory[275] = 0x00000014
memory[276] = 0x0000001E
memory[277] = 0x00000028
memory[278] = 0x00000032
memory[279] = 0x0000003C
memory[280] = 0x00000046
memory[281] = 0x00000050
memory[282] = 0x0000005A
memory[283] = 0x00000064
memory[284] = 0x00000003
memory[285] = 0x00000003
memory[286] = 0x00000003
memory[287] = 0x00000003
memory[288] = 0x00000003
memory[289] = 0x00000005

----------------------------
--- Updated Memory Dump ---
----------------------------

Memory[256] = 0x00000015
Memory[257] = 0x0000001E
Memory[258] = 0x00000032
Memory[259] = 0x00000046
Memory[260] = 0x0000005A
Memory[261] = 0x0000006E
Memory[262] = 0x00000082
Memory[263] = 0x00000096
Memory[264] = 0x000000AA
Memory[265] = 0x000000B4
Memory[266] = 0x0000005A
Memory[267] = 0x00000064
Memory[268] = 0x00000003
Memory[269] = 0x00000003
Memory[270] = 0x00000003
Memory[271] = 0x00000003
Memory[272] = 0x00000004
Memory[273] = 0x0000000B
Memory[274] = 0x0000000A
Memory[275] = 0x00000014
Memory[276] = 0x0000001E
Memory[277] = 0x00000028
Memory[278] = 0x00000032
Memory[279] = 0x0000003C
Memory[280] = 0x00000046
Memory[281] = 0x00000050
Memory[282] = 0x0000005A
Memory[283] = 0x00000064
Memory[284] = 0x00000003
Memory[285] = 0x00000003
Memory[286] = 0x00000003
Memory[287] = 0x00000003
Memory[288] = 0x00000003
Memory[289] = 0x00000005

----------------------------
--- Register Dump ---
----------------------------
Index  Name  Value
-----  ----  ----------------     
x0  zero  0x00000000        
x1  ra    0x00000000        
x2  sp    0x00000000        
x3  gp    0x00000000        
x4  tp    0x00000000        
x5  t0    0x00000000        
x6  t1    0x00000000        
x7  t2    0x00000000        
x8  s0    0x00000000        
x9  s1    0x0000000A        
x10 a0    0x00000000        
x11 a1    0x00000000        
x12 a2    0x00000000        
x13 a3    0x00000000        
x14 a4    0x00000000        
x15 a5    0x00000000        
x16 a6    0x00000000        
x17 a7    0x00000000        
x18 s2    0x0000005A        
x19 s3    0x00000050        
x20 s4    0x0000005A        
x21 s5    0x0000005A        
x22 s6    0x000000AA        
x23 s7    0x000000B4        
x24 s8    0x0000000A
x25 s9    0x0000000A
x26 s10   0x00000000
x27 s11   0x00000000
x28 t3    0x00000000
x29 t4    0x00000000
x30 t5    0x00000000
x31 t6    0x00000000

 