------------------------------------------------------------------------------------
-------------------------------Test: array_adder
------------------------------------------------------------------------------------

----------------------------
--- Initial Data in Memory
----------------------------

memory[256] = 0x0000000A
memory[257] = 0x0000000A
memory[258] = 0x00000014
memory[259] = 0x0000001E
memory[260] = 0x00000028
memory[261] = 0x00000032
memory[262] = 0x0000003C
memory[263] = 0x00000046
memory[264] = 0x00000050
memory[265] = 0x0000005A
memory[266] = 0x0000005A
memory[267] = 0x00000064
memory[268] = 0x00000003
memory[269] = 0x00000003
memory[270] = 0x00000003
memory[271] = 0x00000003
memory[272] = 0x00000004
memory[273] = 0x0000000B
memory[274] = 0x0000000A
memory[275] = 0x00000014
memory[276] = 0x0000001E
memory[277] = 0x00000028
memory[278] = 0x00000032
memory[279] = 0x0000003C
memory[280] = 0x00000046
memory[281] = 0x00000050
memory[282] = 0x0000005A
memory[283] = 0x00000064
memory[284] = 0x00000003
memory[285] = 0x00000003
memory[286] = 0x00000003
memory[287] = 0x00000003
memory[288] = 0x00000003
memory[289] = 0x00000005

----------------------------
--- Updated Memory Dump ---
----------------------------

Memory[256] = 0x00000015
Memory[257] = 0x0000001E
Memory[258] = 0x00000032
Memory[259] = 0x00000046
Memory[260] = 0x0000005A
Memory[261] = 0x0000006E
Memory[262] = 0x00000082
Memory[263] = 0x00000096
Memory[264] = 0x000000AA
Memory[265] = 0x000000B4
Memory[266] = 0x0000005A
Memory[267] = 0x00000064
Memory[268] = 0x00000003
Memory[269] = 0x00000003
Memory[270] = 0x00000003
Memory[271] = 0x00000003
Memory[272] = 0x00000004
Memory[273] = 0x0000000B
Memory[274] = 0x0000000A
Memory[275] = 0x00000014
Memory[276] = 0x0000001E
Memory[277] = 0x00000028
Memory[278] = 0x00000032
Memory[279] = 0x0000003C
Memory[280] = 0x00000046
Memory[281] = 0x00000050
Memory[282] = 0x0000005A
Memory[283] = 0x00000064
Memory[284] = 0x00000003
Memory[285] = 0x00000003
Memory[286] = 0x00000003
Memory[287] = 0x00000003
Memory[288] = 0x00000003
Memory[289] = 0x00000005

----------------------------
--- Register Dump ---
----------------------------
Index  Name  Value
-----  ----  ----------------
x0  zero  0x00000000
x1  ra    0x00000000
x2  sp    0x00000000
x3  gp    0x00000000
x4  tp    0x00000000
x5  t0    0x00000000
x6  t1    0x00000000
x7  t2    0x00000000
x8  s0    0x00000000
x9  s1    0x0000000A
x10 a0    0x00000000
x11 a1    0x00000000
x12 a2    0x00000000
x13 a3    0x00000000
x14 a4    0x00000000
x15 a5    0x00000000
x16 a6    0x00000000
x17 a7    0x00000000
x18 s2    0x0000005A
x19 s3    0x00000050
x20 s4    0x0000005A
x21 s5    0x0000005A
x22 s6    0x000000AA
x23 s7    0x000000B4
x24 s8    0x0000000A
x25 s9    0x0000000A
x26 s10   0x00000000
x27 s11   0x00000000
x28 t3    0x00000000
x29 t4    0x00000000
x30 t5    0x00000000
x31 t6    0x00000000


------------------------------------------------------------------------------------
-------------------------------Test: colliding_cache
------------------------------------------------------------------------------------

----------------------------
--- Initial Data in Memory
----------------------------

memory[256] = 0x0000000A
memory[257] = 0x0000000B
memory[258] = 0x0000000C
memory[259] = 0x0000000D
memory[260] = 0x00000000
memory[261] = 0x00000000
memory[262] = 0x00000000
memory[263] = 0x00000000
memory[264] = 0x00000000
memory[265] = 0x00000000
memory[266] = 0x00000000
memory[267] = 0x00000000
memory[268] = 0x00000000
memory[269] = 0x00000000
memory[270] = 0x00000000
memory[271] = 0x00000000
memory[272] = 0x00000000
memory[273] = 0x00000000
memory[274] = 0x00000000
memory[275] = 0x00000000
memory[276] = 0x00000000
memory[277] = 0x00000000
memory[278] = 0x00000000
memory[279] = 0x00000000
memory[280] = 0x00000000
memory[281] = 0x00000000
memory[282] = 0x00000000
memory[283] = 0x00000000
memory[284] = 0x00000000
memory[285] = 0x00000000
memory[286] = 0x00000000
memory[287] = 0x00000000
memory[288] = 0x00000000
memory[289] = 0x00000000
memory[290] = 0x00000000
memory[291] = 0x00000000
memory[292] = 0x00000000
memory[293] = 0x00000000
memory[294] = 0x00000000
memory[295] = 0x00000000
memory[296] = 0x00000000
memory[297] = 0x00000000
memory[298] = 0x00000000
memory[299] = 0x00000000
memory[300] = 0x00000000
memory[301] = 0x00000000
memory[302] = 0x00000000
memory[303] = 0x00000000
memory[304] = 0x00000000
memory[305] = 0x00000000
memory[306] = 0x00000000
memory[307] = 0x00000000
memory[308] = 0x00000000
memory[309] = 0x00000000
memory[310] = 0x00000000
memory[311] = 0x00000000
memory[312] = 0x00000000
memory[313] = 0x00000000
memory[314] = 0x00000000
memory[315] = 0x00000000
memory[316] = 0x00000000
memory[317] = 0x00000000
memory[318] = 0x00000000
memory[319] = 0x00000000
memory[320] = 0x00000000
memory[321] = 0x00000000
memory[322] = 0x00000000
memory[323] = 0x00000000

----------------------------
--- Updated Memory Dump ---
----------------------------

Memory[256] = 0x0000000A
Memory[257] = 0x0000000B
Memory[258] = 0x0000000C
Memory[259] = 0x0000000D
Memory[260] = 0x00000000
Memory[261] = 0x00000000
Memory[262] = 0x00000000
Memory[263] = 0x00000000
Memory[264] = 0x00000000
Memory[265] = 0x00000000
Memory[266] = 0x00000000
Memory[267] = 0x00000000
Memory[268] = 0x00000000
Memory[269] = 0x00000000
Memory[270] = 0x00000000
Memory[271] = 0x00000000
Memory[272] = 0x0000000A
Memory[273] = 0x0000000B
Memory[274] = 0x0000000C
Memory[275] = 0x0000000D
Memory[276] = 0x00000000
Memory[277] = 0x00000000
Memory[278] = 0x00000000
Memory[279] = 0x00000000
Memory[280] = 0x00000000
Memory[281] = 0x00000000
Memory[282] = 0x00000000
Memory[283] = 0x00000000
Memory[284] = 0x00000000
Memory[285] = 0x00000000
Memory[286] = 0x00000000
Memory[287] = 0x00000000
Memory[288] = 0x0000000D
Memory[289] = 0x0000000C
Memory[290] = 0x0000000B
Memory[291] = 0x0000000A
Memory[292] = 0x00000000
Memory[293] = 0x00000000
Memory[294] = 0x00000000
Memory[295] = 0x00000000
Memory[296] = 0x00000000
Memory[297] = 0x00000000
Memory[298] = 0x00000000
Memory[299] = 0x00000000
Memory[300] = 0x00000000
Memory[301] = 0x00000000
Memory[302] = 0x00000000
Memory[303] = 0x00000000
Memory[304] = 0x0000000C
Memory[305] = 0x0000000D
Memory[306] = 0x0000000A
Memory[307] = 0x0000000B
Memory[308] = 0x00000000
Memory[309] = 0x00000000
Memory[310] = 0x00000000
Memory[311] = 0x00000000
Memory[312] = 0x00000000
Memory[313] = 0x00000000
Memory[314] = 0x00000000
Memory[315] = 0x00000000
Memory[316] = 0x00000000
Memory[317] = 0x00000000
Memory[318] = 0x00000000
Memory[319] = 0x00000000
Memory[320] = 0x00000017
Memory[321] = 0x00000017
Memory[322] = 0x00000017
Memory[323] = 0x00000017

----------------------------
--- Register Dump ---
----------------------------
Index  Name  Value
-----  ----  ----------------
x0  zero  0x00000000
x1  ra    0x00000000
x2  sp    0x00000000
x3  gp    0x00000000
x4  tp    0x00000000
x5  t0    0x00000017
x6  t1    0x00000017
x7  t2    0x00000017
x8  s0    0x00000010
x9  s1    0x00000040
x10 a0    0x00000000
x11 a1    0x00000000
x12 a2    0x00000000
x13 a3    0x00000000
x14 a4    0x00000000
x15 a5    0x00000000
x16 a6    0x00000000
x17 a7    0x00000000
x18 s2    0x0000000B
x19 s3    0x0000000C
x20 s4    0x0000000D
x21 s5    0x0000000A
x22 s6    0x0000000A
x23 s7    0x0000000B
x24 s8    0x0000000C
x25 s9    0x0000000D
x26 s10   0x00000000
x27 s11   0x00000000
x28 t3    0x00000017
x29 t4    0x00000000
x30 t5    0x00000000
x31 t6    0x00000000


------------------------------------------------------------------------------------
-------------------------------Test: IType_ADD
------------------------------------------------------------------------------------

----------------------------
--- Initial Data in Memory
----------------------------

memory[256] = 0x000010CE
memory[257] = 0x0000151A
memory[258] = 0x000007E7

----------------------------
--- Updated Memory Dump ---
----------------------------

Memory[256] = 0x000010CE
Memory[257] = 0x0000151A
Memory[258] = 0x000007E7

----------------------------
--- Register Dump ---
----------------------------
Index  Name  Value
-----  ----  ----------------
x0  zero  0x00000000
x1  ra    0x00000000
x2  sp    0x00000000
x3  gp    0x00000000
x4  tp    0x00000000
x5  t0    0x00000001
x6  t1    0x00000000
x7  t2    0x00000000
x8  s0    0x00000000
x9  s1    0x00000000
x10 a0    0x00000000
x11 a1    0x00000000
x12 a2    0x00000000
x13 a3    0x00000000
x14 a4    0x00000000
x15 a5    0x00000000
x16 a6    0x00000000
x17 a7    0x00000000
x18 s2    0x00000000
x19 s3    0x00000000
x20 s4    0x00000000
x21 s5    0x00000000
x22 s6    0x00000000
x23 s7    0x00000000
x24 s8    0x00000000
x25 s9    0x00000000
x26 s10   0x00000000
x27 s11   0x00000000
x28 t3    0x00000000
x29 t4    0x00000000
x30 t5    0x00000000
x31 t6    0x00000000


------------------------------------------------------------------------------------
-------------------------------Test: IType_LOAD
------------------------------------------------------------------------------------

----------------------------
--- Initial Data in Memory
----------------------------

memory[256] = 0x00000014
memory[257] = 0x0000001E
memory[258] = 0x00000028

----------------------------
--- Updated Memory Dump ---
----------------------------

Memory[256] = 0x00000014
Memory[257] = 0x0000001E
Memory[258] = 0x00000028

----------------------------
--- Register Dump ---
----------------------------
Index  Name  Value
-----  ----  ----------------
x0  zero  0x00000000
x1  ra    0x00000000
x2  sp    0x00000000
x3  gp    0x00000000
x4  tp    0x00000000
x5  t0    0x00000014
x6  t1    0x00000000
x7  t2    0x00000000
x8  s0    0x00000000
x9  s1    0x00000000
x10 a0    0x00000000
x11 a1    0x00000000
x12 a2    0x00000000
x13 a3    0x00000000
x14 a4    0x00000000
x15 a5    0x00000000
x16 a6    0x00000000
x17 a7    0x00000000
x18 s2    0x00000000
x19 s3    0x00000000
x20 s4    0x00000000
x21 s5    0x00000000
x22 s6    0x00000000
x23 s7    0x00000000
x24 s8    0x00000000
x25 s9    0x00000000
x26 s10   0x00000000
x27 s11   0x00000000
x28 t3    0x00000000
x29 t4    0x00000000
x30 t5    0x00000000
x31 t6    0x00000000


------------------------------------------------------------------------------------
-------------------------------Test: IType_SLL
------------------------------------------------------------------------------------

----------------------------
--- Initial Data in Memory
----------------------------

memory[256] = 0x000010CE
memory[257] = 0x0000151A
memory[258] = 0x000007E7

----------------------------
--- Updated Memory Dump ---
----------------------------

Memory[256] = 0x000010CE
Memory[257] = 0x0000151A
Memory[258] = 0x000007E7

----------------------------
--- Register Dump ---
----------------------------
Index  Name  Value
-----  ----  ----------------
x0  zero  0x00000000
x1  ra    0x00000000
x2  sp    0x00000000
x3  gp    0x00000000
x4  tp    0x00000000
x5  t0    0x000003E7
x6  t1    0x3E700000
x7  t2    0x00000000
x8  s0    0x00000000
x9  s1    0x00000000
x10 a0    0x00000000
x11 a1    0x00000000
x12 a2    0x00000000
x13 a3    0x00000000
x14 a4    0x00000000
x15 a5    0x00000000
x16 a6    0x00000000
x17 a7    0x00000000
x18 s2    0x00000000
x19 s3    0x00000000
x20 s4    0x00000000
x21 s5    0x00000000
x22 s6    0x00000000
x23 s7    0x00000000
x24 s8    0x00000000
x25 s9    0x00000000
x26 s10   0x00000000
x27 s11   0x00000000
x28 t3    0x00000000
x29 t4    0x00000000
x30 t5    0x00000000
x31 t6    0x00000000


------------------------------------------------------------------------------------
-------------------------------Test: IType_SRL
------------------------------------------------------------------------------------

----------------------------
--- Initial Data in Memory
----------------------------

memory[256] = 0x000010CE
memory[257] = 0x0000151A
memory[258] = 0x000007E7

----------------------------
--- Updated Memory Dump ---
----------------------------

Memory[256] = 0x000010CE
Memory[257] = 0x0000151A
Memory[258] = 0x000007E7

----------------------------
--- Register Dump ---
----------------------------
Index  Name  Value
-----  ----  ----------------
x0  zero  0x00000000
x1  ra    0x00000000
x2  sp    0x00000000
x3  gp    0x00000000
x4  tp    0x00000000
x5  t0    0x000003E7
x6  t1    0x000001F3
x7  t2    0x00000000
x8  s0    0x00000000
x9  s1    0x00000000
x10 a0    0x00000000
x11 a1    0x00000000
x12 a2    0x00000000
x13 a3    0x00000000
x14 a4    0x00000000
x15 a5    0x00000000
x16 a6    0x00000000
x17 a7    0x00000000
x18 s2    0x00000000
x19 s3    0x00000000
x20 s4    0x00000000
x21 s5    0x00000000
x22 s6    0x00000000
x23 s7    0x00000000
x24 s8    0x00000000
x25 s9    0x00000000
x26 s10   0x00000000
x27 s11   0x00000000
x28 t3    0x00000000
x29 t4    0x00000000
x30 t5    0x00000000
x31 t6    0x00000000


------------------------------------------------------------------------------------
-------------------------------Test: loop
------------------------------------------------------------------------------------

----------------------------
--- Initial Data in Memory
----------------------------

memory[256] = 0x0000000A
memory[257] = 0x0000000A
memory[258] = 0x00000014
memory[259] = 0x0000001E
memory[260] = 0x00000028
memory[261] = 0x00000032
memory[262] = 0x0000003C
memory[263] = 0x00000046
memory[264] = 0x00000050
memory[265] = 0x0000005A
memory[266] = 0x0000005A
memory[267] = 0x00000003
memory[268] = 0x00000003
memory[269] = 0x00000003
memory[270] = 0x00000003
memory[271] = 0x00000003
memory[272] = 0x00000004
memory[273] = 0x0000000B
memory[274] = 0x0000000A
memory[275] = 0x00000014
memory[276] = 0x0000001E
memory[277] = 0x00000028
memory[278] = 0x00000032
memory[279] = 0x0000003C
memory[280] = 0x00000046
memory[281] = 0x00000050
memory[282] = 0x0000005A
memory[283] = 0x00000064
memory[284] = 0x00000003
memory[285] = 0x00000003
memory[286] = 0x00000003
memory[287] = 0x00000003
memory[288] = 0x00000003
memory[289] = 0x00000003
memory[290] = 0x00000003
memory[291] = 0x00000003
memory[292] = 0x00000003
memory[293] = 0x00000003
memory[294] = 0x00000003
memory[295] = 0x00000003
memory[296] = 0x00000003

----------------------------
--- Updated Memory Dump ---
----------------------------

Memory[256] = 0x0000000A
Memory[257] = 0x0000000A
Memory[258] = 0x00000014
Memory[259] = 0x0000001E
Memory[260] = 0x00000028
Memory[261] = 0x00000032
Memory[262] = 0x0000003C
Memory[263] = 0x00000046
Memory[264] = 0x00000050
Memory[265] = 0x0000005A
Memory[266] = 0x0000005A
Memory[267] = 0x00000003
Memory[268] = 0x00000003
Memory[269] = 0x00000003
Memory[270] = 0x00000003
Memory[271] = 0x00000003
Memory[272] = 0x00000004
Memory[273] = 0x0000000B
Memory[274] = 0x0000000A
Memory[275] = 0x00000014
Memory[276] = 0x0000001E
Memory[277] = 0x00000028
Memory[278] = 0x00000032
Memory[279] = 0x0000003C
Memory[280] = 0x00000046
Memory[281] = 0x00000050
Memory[282] = 0x0000005A
Memory[283] = 0x00000064
Memory[284] = 0x00000003
Memory[285] = 0x00000015
Memory[286] = 0x00000014
Memory[287] = 0x00000028
Memory[288] = 0x0000003C
Memory[289] = 0x00000050
Memory[290] = 0x00000064
Memory[291] = 0x00000078
Memory[292] = 0x0000008C
Memory[293] = 0x000000A0
Memory[294] = 0x000000B4
Memory[295] = 0x00000003
Memory[296] = 0x00000003

----------------------------
--- Register Dump ---
----------------------------
Index  Name  Value
-----  ----  ----------------
x0  zero  0x00000000
x1  ra    0x00000000
x2  sp    0x00000000
x3  gp    0x00000000
x4  tp    0x00000000
x5  t0    0x00000000
x6  t1    0x00000000
x7  t2    0x00000000
x8  s0    0x00000000
x9  s1    0x0000000A
x10 a0    0x00000000
x11 a1    0x00000000
x12 a2    0x00000000
x13 a3    0x00000000
x14 a4    0x00000000
x15 a5    0x00000000
x16 a6    0x00000000
x17 a7    0x00000000
x18 s2    0x0000000A
x19 s3    0x00000000
x20 s4    0x0000005A
x21 s5    0x0000005A
x22 s6    0x000000B4
x23 s7    0x00000000
x24 s8    0x00000000
x25 s9    0x00000000
x26 s10   0x00000000
x27 s11   0x00000000
x28 t3    0x00000000
x29 t4    0x00000000
x30 t5    0x00000000
x31 t6    0x00000000


------------------------------------------------------------------------------------
-------------------------------Test: lw_sw_test
------------------------------------------------------------------------------------

----------------------------
--- Initial Data in Memory
----------------------------

memory[256] = 0x00000014
memory[257] = 0x00000020
memory[258] = 0x00000002
memory[259] = 0x00000002
memory[260] = 0x00000003
memory[261] = 0x00000003
memory[262] = 0x00000003
memory[263] = 0x00000003
memory[264] = 0x00000003
memory[265] = 0x00000003
memory[266] = 0x00000003
memory[267] = 0x00000003
memory[268] = 0x00000003
memory[269] = 0x00000003
memory[270] = 0x00000003
memory[271] = 0x00000003
memory[272] = 0x00000003
memory[273] = 0x00000003
memory[274] = 0x00000003
memory[275] = 0x00000003
memory[276] = 0x00000004
memory[277] = 0x00000003
memory[278] = 0x00000003
memory[279] = 0x00000003
memory[280] = 0x00000008
memory[281] = 0x00000003
memory[282] = 0x00000003
memory[283] = 0x00000003
memory[284] = 0x00000003
memory[285] = 0x00000003
memory[286] = 0x00000003
memory[287] = 0x00000003
memory[288] = 0x00000005

----------------------------
--- Updated Memory Dump ---
----------------------------

Memory[256] = 0x00000020
Memory[257] = 0x00000020
Memory[258] = 0x00000002
Memory[259] = 0x00000002
Memory[260] = 0x00000003
Memory[261] = 0x00000003
Memory[262] = 0x00000003
Memory[263] = 0x00000003
Memory[264] = 0x00000003
Memory[265] = 0x00000003
Memory[266] = 0x00000003
Memory[267] = 0x00000003
Memory[268] = 0x00000003
Memory[269] = 0x00000003
Memory[270] = 0x00000003
Memory[271] = 0x00000003
Memory[272] = 0x00000003
Memory[273] = 0x00000003
Memory[274] = 0x00000003
Memory[275] = 0x00000003
Memory[276] = 0x00000004
Memory[277] = 0x00000003
Memory[278] = 0x00000003
Memory[279] = 0x00000003
Memory[280] = 0x00000008
Memory[281] = 0x00000003
Memory[282] = 0x00000003
Memory[283] = 0x00000003
Memory[284] = 0x00000003
Memory[285] = 0x00000003
Memory[286] = 0x00000003
Memory[287] = 0x00000003
Memory[288] = 0x00000025

----------------------------
--- Register Dump ---
----------------------------
Index  Name  Value
-----  ----  ----------------
x0  zero  0x00000000
x1  ra    0x00000000
x2  sp    0x00000000
x3  gp    0x00000000
x4  tp    0x00000000
x5  t0    0x00000000
x6  t1    0x00000020
x7  t2    0x00000005
x8  s0    0x00000000
x9  s1    0x00000000
x10 a0    0x00000000
x11 a1    0x00000000
x12 a2    0x00000000
x13 a3    0x00000000
x14 a4    0x00000000
x15 a5    0x00000000
x16 a6    0x00000000
x17 a7    0x00000000
x18 s2    0x00000000
x19 s3    0x00000000
x20 s4    0x00000000
x21 s5    0x00000000
x22 s6    0x00000000
x23 s7    0x00000000
x24 s8    0x00000000
x25 s9    0x00000000
x26 s10   0x00000000
x27 s11   0x00000000
x28 t3    0x00000008
x29 t4    0x00000025
x30 t5    0x00000025
x31 t6    0x00000000


------------------------------------------------------------------------------------
-------------------------------Test: matrix_mul_itr
------------------------------------------------------------------------------------

----------------------------
--- Initial Data in Memory
----------------------------

memory[256] = 0x00000001
memory[257] = 0x00000001
memory[258] = 0x00000001
memory[259] = 0x00000001
memory[260] = 0x00000002
memory[261] = 0x00000002
memory[262] = 0x00000002
memory[263] = 0x00000002
memory[264] = 0x00000000
memory[265] = 0x00000000
memory[266] = 0x00000000
memory[267] = 0x00000000

----------------------------
--- Updated Memory Dump ---
----------------------------

Memory[256] = 0x00000001
Memory[257] = 0x00000001
Memory[258] = 0x00000001
Memory[259] = 0x00000001
Memory[260] = 0x00000002
Memory[261] = 0x00000002
Memory[262] = 0x00000002
Memory[263] = 0x00000002
Memory[264] = 0x00000004
Memory[265] = 0x00000004
Memory[266] = 0x00000004
Memory[267] = 0x00000004

----------------------------
--- Register Dump ---
----------------------------
Index  Name  Value
-----  ----  ----------------
x0  zero  0x00000000
x1  ra    0x00000000
x2  sp    0x00000000
x3  gp    0x00000000
x4  tp    0x00000000
x5  t0    0x00000100
x6  t1    0x00000104
x7  t2    0x00000108
x8  s0    0x00000002
x9  s1    0x00000002
x10 a0    0x00000002
x11 a1    0x00000001
x12 a2    0x00000002
x13 a3    0x00000002
x14 a4    0x00000000
x15 a5    0x00000000
x16 a6    0x00000000
x17 a7    0x00000000
x18 s2    0x00000002
x19 s3    0x00000000
x20 s4    0x00000000
x21 s5    0x00000103
x22 s6    0x00000107
x23 s7    0x0000010B
x24 s8    0x00000000
x25 s9    0x0000000A
x26 s10   0x0000000A
x27 s11   0x00000002
x28 t3    0x00000000
x29 t4    0x00000000
x30 t5    0x00000000
x31 t6    0x00000004


------------------------------------------------------------------------------------
-------------------------------Test: matrix_mul
------------------------------------------------------------------------------------

----------------------------
--- Initial Data in Memory
----------------------------

memory[256] = 0x00000002
memory[257] = 0x00000002
memory[258] = 0x00000002
memory[259] = 0x00000002
memory[260] = 0x00000001
memory[261] = 0x00000001
memory[262] = 0x00000001
memory[263] = 0x00000001
memory[264] = 0x00000000
memory[265] = 0x00000000
memory[266] = 0x00000000
memory[267] = 0x00000000

----------------------------
--- Updated Memory Dump ---
----------------------------

Memory[256] = 0x00000002
Memory[257] = 0x00000002
Memory[258] = 0x00000002
Memory[259] = 0x00000002
Memory[260] = 0x00000001
Memory[261] = 0x00000001
Memory[262] = 0x00000001
Memory[263] = 0x00000001
Memory[264] = 0x00000004
Memory[265] = 0x00000004
Memory[266] = 0x00000004
Memory[267] = 0x00000004

----------------------------
--- Register Dump ---
----------------------------
Index  Name  Value
-----  ----  ----------------
x0  zero  0x00000000
x1  ra    0x00000000
x2  sp    0x00000000
x3  gp    0x00000000
x4  tp    0x00000000
x5  t0    0x00000100
x6  t1    0x00000104
x7  t2    0x00000108
x8  s0    0x00000002
x9  s1    0x00000002
x10 a0    0x00000002
x11 a1    0x00000002
x12 a2    0x00000001
x13 a3    0x00000001
x14 a4    0x00000000
x15 a5    0x00000000
x16 a6    0x00000000
x17 a7    0x00000000
x18 s2    0x00000002
x19 s3    0x00000000
x20 s4    0x00000000
x21 s5    0x00000103
x22 s6    0x00000107
x23 s7    0x0000010B
x24 s8    0x00000000
x25 s9    0x00000000
x26 s10   0x00000000
x27 s11   0x00000002
x28 t3    0x00000000
x29 t4    0x00000000
x30 t5    0x00000000
x31 t6    0x00000004


------------------------------------------------------------------------------------
-------------------------------Test: no_dep_test
------------------------------------------------------------------------------------

----------------------------
--- Initial Data in Memory
----------------------------

memory[256] = 0x000010CE
memory[257] = 0x00000E52

----------------------------
--- Updated Memory Dump ---
----------------------------

Memory[256] = 0x0000000A
Memory[257] = 0x00000E52

----------------------------
--- Register Dump ---
----------------------------
Index  Name  Value
-----  ----  ----------------
x0  zero  0x00000000
x1  ra    0x00000000
x2  sp    0x00000000
x3  gp    0x00000000
x4  tp    0x00000000
x5  t0    0x0000000A
x6  t1    0x00000019
x7  t2    0x00000014
x8  s0    0x00000000
x9  s1    0x00000000
x10 a0    0x00000000
x11 a1    0x00000000
x12 a2    0x00000000
x13 a3    0x00000000
x14 a4    0x00000000
x15 a5    0x00000000
x16 a6    0x00000000
x17 a7    0x00000000
x18 s2    0x00000000
x19 s3    0x00000000
x20 s4    0x00000000
x21 s5    0x00000000
x22 s6    0x00000000
x23 s7    0x00000000
x24 s8    0x00000000
x25 s9    0x00000000
x26 s10   0x00000000
x27 s11   0x00000000
x28 t3    0x00000013
x29 t4    0x00000012
x30 t5    0x00000000
x31 t6    0x00000000


------------------------------------------------------------------------------------
-------------------------------Test: RType_ADD
------------------------------------------------------------------------------------

----------------------------
--- Initial Data in Memory
----------------------------

memory[256] = 0x000010CE
memory[257] = 0x0000151A
memory[258] = 0x000007E7

----------------------------
--- Updated Memory Dump ---
----------------------------

Memory[256] = 0x000010CE
Memory[257] = 0x0000151A
Memory[258] = 0x000007E7

----------------------------
--- Register Dump ---
----------------------------
Index  Name  Value
-----  ----  ----------------
x0  zero  0x00000000
x1  ra    0x00000000
x2  sp    0x00000000
x3  gp    0x00000000
x4  tp    0x00000000
x5  t0    0x00000001
x6  t1    0x00000000
x7  t2    0x00000001
x8  s0    0x00000000
x9  s1    0x00000000
x10 a0    0x00000000
x11 a1    0x00000000
x12 a2    0x00000000
x13 a3    0x00000000
x14 a4    0x00000000
x15 a5    0x00000000
x16 a6    0x00000000
x17 a7    0x00000000
x18 s2    0x00000000
x19 s3    0x00000000
x20 s4    0x00000000
x21 s5    0x00000000
x22 s6    0x00000000
x23 s7    0x00000000
x24 s8    0x00000000
x25 s9    0x00000000
x26 s10   0x00000000
x27 s11   0x00000000
x28 t3    0x00000000
x29 t4    0x00000000
x30 t5    0x00000000
x31 t6    0x00000000


------------------------------------------------------------------------------------
-------------------------------Test: RType_SLL
------------------------------------------------------------------------------------

----------------------------
--- Initial Data in Memory
----------------------------

memory[256] = 0x000010CE
memory[257] = 0x0000151A
memory[258] = 0x000007E7

----------------------------
--- Updated Memory Dump ---
----------------------------

Memory[256] = 0x000010CE
Memory[257] = 0x0000151A
Memory[258] = 0x000007E7

----------------------------
--- Register Dump ---
----------------------------
Index  Name  Value
-----  ----  ----------------
x0  zero  0x00000000
x1  ra    0x00000000
x2  sp    0x00000000
x3  gp    0x00000000
x4  tp    0x00000000
x5  t0    0x000003E7
x6  t1    0xFFFFF855
x7  t2    0x7CE00000
x8  s0    0x00000000
x9  s1    0x00000000
x10 a0    0x00000000
x11 a1    0x00000000
x12 a2    0x00000000
x13 a3    0x00000000
x14 a4    0x00000000
x15 a5    0x00000000
x16 a6    0x00000000
x17 a7    0x00000000
x18 s2    0x00000000
x19 s3    0x00000000
x20 s4    0x00000000
x21 s5    0x00000000
x22 s6    0x00000000
x23 s7    0x00000000
x24 s8    0x00000000
x25 s9    0x00000000
x26 s10   0x00000000
x27 s11   0x00000000
x28 t3    0x00000000
x29 t4    0x00000000
x30 t5    0x00000000
x31 t6    0x00000000


------------------------------------------------------------------------------------
-------------------------------Test: RType_SRL
------------------------------------------------------------------------------------

----------------------------
--- Initial Data in Memory
----------------------------

memory[256] = 0x000010CE
memory[257] = 0x0000151A
memory[258] = 0x000007E7

----------------------------
--- Updated Memory Dump ---
----------------------------

Memory[256] = 0x000010CE
Memory[257] = 0x0000151A
Memory[258] = 0x000007E7

----------------------------
--- Register Dump ---
----------------------------
Index  Name  Value
-----  ----  ----------------
x0  zero  0x00000000
x1  ra    0x00000000
x2  sp    0x00000000
x3  gp    0x00000000
x4  tp    0x00000000
x5  t0    0x000003E7
x6  t1    0x00000002
x7  t2    0x000000F9
x8  s0    0x00000000
x9  s1    0x00000000
x10 a0    0x00000000
x11 a1    0x00000000
x12 a2    0x00000000
x13 a3    0x00000000
x14 a4    0x00000000
x15 a5    0x00000000
x16 a6    0x00000000
x17 a7    0x00000000
x18 s2    0x00000000
x19 s3    0x00000000
x20 s4    0x00000000
x21 s5    0x00000000
x22 s6    0x00000000
x23 s7    0x00000000
x24 s8    0x00000000
x25 s9    0x00000000
x26 s10   0x00000000
x27 s11   0x00000000
x28 t3    0x00000000
x29 t4    0x00000000
x30 t5    0x00000000
x31 t6    0x00000000


------------------------------------------------------------------------------------
-------------------------------Test: RType_SUB
------------------------------------------------------------------------------------

----------------------------
--- Initial Data in Memory
----------------------------

memory[256] = 0x000010CE
memory[257] = 0x0000151A
memory[258] = 0x000007E7

----------------------------
--- Updated Memory Dump ---
----------------------------

Memory[256] = 0x000010CE
Memory[257] = 0x0000151A
Memory[258] = 0x000007E7

----------------------------
--- Register Dump ---
----------------------------
Index  Name  Value
-----  ----  ----------------
x0  zero  0x00000000
x1  ra    0x00000000
x2  sp    0x00000000
x3  gp    0x00000000
x4  tp    0x00000000
x5  t0    0x000003E7
x6  t1    0xFFFFF855
x7  t2    0x00000B92
x8  s0    0x00000000
x9  s1    0x00000000
x10 a0    0x00000000
x11 a1    0x00000000
x12 a2    0x00000000
x13 a3    0x00000000
x14 a4    0x00000000
x15 a5    0x00000000
x16 a6    0x00000000
x17 a7    0x00000000
x18 s2    0x00000000
x19 s3    0x00000000
x20 s4    0x00000000
x21 s5    0x00000000
x22 s6    0x00000000
x23 s7    0x00000000
x24 s8    0x00000000
x25 s9    0x00000000
x26 s10   0x00000000
x27 s11   0x00000000
x28 t3    0x00000000
x29 t4    0x00000000
x30 t5    0x00000000
x31 t6    0x00000000


------------------------------------------------------------------------------------
-------------------------------Test: SType_STORE
------------------------------------------------------------------------------------

----------------------------
--- Initial Data in Memory
----------------------------

memory[256] = 0x00000014
memory[257] = 0x00000000

----------------------------
--- Updated Memory Dump ---
----------------------------

Memory[256] = 0x00000014
Memory[257] = 0x00000014

----------------------------
--- Register Dump ---
----------------------------
Index  Name  Value
-----  ----  ----------------
x0  zero  0x00000000
x1  ra    0x00000000
x2  sp    0x00000000
x3  gp    0x00000000
x4  tp    0x00000000
x5  t0    0x00000014
x6  t1    0x00000000
x7  t2    0x00000000
x8  s0    0x00000000
x9  s1    0x00000000
x10 a0    0x00000000
x11 a1    0x00000000
x12 a2    0x00000000
x13 a3    0x00000000
x14 a4    0x00000000
x15 a5    0x00000000
x16 a6    0x00000000
x17 a7    0x00000000
x18 s2    0x00000000
x19 s3    0x00000000
x20 s4    0x00000000
x21 s5    0x00000000
x22 s6    0x00000000
x23 s7    0x00000000
x24 s8    0x00000000
x25 s9    0x00000000
x26 s10   0x00000000
x27 s11   0x00000000
x28 t3    0x00000000
x29 t4    0x00000000
x30 t5    0x00000000
x31 t6    0x00000000


